# Logfile created on 2015-10-26 10:25:36 -0700 by logger.rb/47272
I, [2015-10-26T10:25:36.664915 #44370]  INFO -- : Net::HTTP::Get: /
D, [2015-10-26T10:25:36.664960 #44370] DEBUG -- : request-header: accept-encoding => gzip,deflate,identity
D, [2015-10-26T10:25:36.664977 #44370] DEBUG -- : request-header: accept => */*
D, [2015-10-26T10:25:36.664990 #44370] DEBUG -- : request-header: user-agent => Mozilla/5.0 (Macintosh; Intel Mac OS X 10_7_2) AppleWebKit/534.51.22 (KHTML, like Gecko) Version/5.1.1 Safari/534.51.22
D, [2015-10-26T10:25:36.665002 #44370] DEBUG -- : request-header: accept-charset => ISO-8859-1,utf-8;q=0.7,*;q=0.7
D, [2015-10-26T10:25:36.665014 #44370] DEBUG -- : request-header: accept-language => en-us,en;q=0.5
D, [2015-10-26T10:25:36.665025 #44370] DEBUG -- : request-header: host => www.google.com
I, [2015-10-26T10:25:36.775519 #44370]  INFO -- : status: Net::HTTPOK 1.1 200 OK
D, [2015-10-26T10:25:36.775600 #44370] DEBUG -- : response-header: date => Mon, 26 Oct 2015 17:25:30 GMT
D, [2015-10-26T10:25:36.775629 #44370] DEBUG -- : response-header: expires => -1
D, [2015-10-26T10:25:36.775735 #44370] DEBUG -- : response-header: cache-control => private, max-age=0
D, [2015-10-26T10:25:36.775780 #44370] DEBUG -- : response-header: content-type => text/html; charset=UTF-8
D, [2015-10-26T10:25:36.775868 #44370] DEBUG -- : response-header: p3p => CP="This is not a P3P policy! See http://www.google.com/support/accounts/bin/answer.py?hl=en&answer=151657 for more info."
D, [2015-10-26T10:25:36.775898 #44370] DEBUG -- : response-header: content-encoding => gzip
D, [2015-10-26T10:25:36.775919 #44370] DEBUG -- : response-header: server => gws
D, [2015-10-26T10:25:36.775946 #44370] DEBUG -- : response-header: content-length => 18591
D, [2015-10-26T10:25:36.775967 #44370] DEBUG -- : response-header: x-xss-protection => 1; mode=block
D, [2015-10-26T10:25:36.775986 #44370] DEBUG -- : response-header: x-frame-options => SAMEORIGIN
D, [2015-10-26T10:25:36.776007 #44370] DEBUG -- : response-header: set-cookie => PREF=ID=1111111111111111:FF=0:TM=1445880329:LM=1445880330:V=1:S=hc-8UAOgrLJtSK3G; expires=Thu, 31-Dec-2015 16:02:17 GMT; path=/; domain=.google.com, NID=72=jiXoKE0Hj36cdKGpHR04W6qWNPHj-B7N9CuXYGa86Lb97nTtURhCdBNR4lrpJ26t5jHIv_V2veDuCVaTl4_RTOt4ERmFhTY9WDkcsTzIG49v4mYuaIOUgrI1dck9s23L27s3YyO0EvockU0PWNGc8Uaqo1pGSlBR_TMdPeTOgXfbu9OagWRJ9vSBkok; expires=Tue, 26-Apr-2016 17:25:30 GMT; path=/; domain=.google.com; HttpOnly
D, [2015-10-26T10:25:36.776172 #44370] DEBUG -- : Read 367 bytes (367 total)
D, [2015-10-26T10:25:36.776317 #44370] DEBUG -- : Read 4832 bytes (5199 total)
D, [2015-10-26T10:25:36.777208 #44370] DEBUG -- : Read 4832 bytes (10031 total)
D, [2015-10-26T10:25:36.777378 #44370] DEBUG -- : Read 1208 bytes (11239 total)
D, [2015-10-26T10:25:36.809253 #44370] DEBUG -- : Read 1208 bytes (12447 total)
D, [2015-10-26T10:25:36.809793 #44370] DEBUG -- : Read 3624 bytes (16071 total)
D, [2015-10-26T10:25:36.811096 #44370] DEBUG -- : Read 2520 bytes (18591 total)
D, [2015-10-26T10:25:36.811295 #44370] DEBUG -- : gzip response
D, [2015-10-26T10:25:36.822291 #44370] DEBUG -- : saved cookie: PREF=ID=1111111111111111:FF=0:TM=1445880329:LM=1445880330:V=1:S=hc-8UAOgrLJtSK3G
D, [2015-10-26T10:25:36.822639 #44370] DEBUG -- : saved cookie: NID=72=jiXoKE0Hj36cdKGpHR04W6qWNPHj-B7N9CuXYGa86Lb97nTtURhCdBNR4lrpJ26t5jHIv_V2veDuCVaTl4_RTOt4ERmFhTY9WDkcsTzIG49v4mYuaIOUgrI1dck9s23L27s3YyO0EvockU0PWNGc8Uaqo1pGSlBR_TMdPeTOgXfbu9OagWRJ9vSBkok
I, [2015-10-26T10:25:36.835399 #44370]  INFO -- : form encoding: UTF-8
I, [2015-10-26T10:25:36.837456 #44370]  INFO -- : Net::HTTP::Get: /search?hl=en&source=hp&biw=&bih=&q=Hello&gbv=1
D, [2015-10-26T10:25:36.837490 #44370] DEBUG -- : request-header: accept-encoding => gzip,deflate,identity
D, [2015-10-26T10:25:36.837507 #44370] DEBUG -- : request-header: accept => */*
D, [2015-10-26T10:25:36.837522 #44370] DEBUG -- : request-header: user-agent => Mozilla/5.0 (Macintosh; Intel Mac OS X 10_7_2) AppleWebKit/534.51.22 (KHTML, like Gecko) Version/5.1.1 Safari/534.51.22
D, [2015-10-26T10:25:36.837535 #44370] DEBUG -- : request-header: accept-charset => ISO-8859-1,utf-8;q=0.7,*;q=0.7
D, [2015-10-26T10:25:36.837567 #44370] DEBUG -- : request-header: accept-language => en-us,en;q=0.5
D, [2015-10-26T10:25:36.837586 #44370] DEBUG -- : request-header: cookie => NID=72=jiXoKE0Hj36cdKGpHR04W6qWNPHj-B7N9CuXYGa86Lb97nTtURhCdBNR4lrpJ26t5jHIv_V2veDuCVaTl4_RTOt4ERmFhTY9WDkcsTzIG49v4mYuaIOUgrI1dck9s23L27s3YyO0EvockU0PWNGc8Uaqo1pGSlBR_TMdPeTOgXfbu9OagWRJ9vSBkok; PREF=ID=1111111111111111:FF=0:TM=1445880329:LM=1445880330:V=1:S=hc-8UAOgrLJtSK3G
D, [2015-10-26T10:25:36.837600 #44370] DEBUG -- : request-header: host => www.google.com
D, [2015-10-26T10:25:36.837619 #44370] DEBUG -- : request-header: referer => http://www.google.com/
I, [2015-10-26T10:25:36.906624 #44370]  INFO -- : status: Net::HTTPOK 1.1 200 OK
D, [2015-10-26T10:25:36.906758 #44370] DEBUG -- : response-header: date => Mon, 26 Oct 2015 17:25:30 GMT
D, [2015-10-26T10:25:36.906845 #44370] DEBUG -- : response-header: expires => -1
D, [2015-10-26T10:25:36.906895 #44370] DEBUG -- : response-header: cache-control => private, max-age=0
D, [2015-10-26T10:25:36.906936 #44370] DEBUG -- : response-header: content-type => text/html; charset=UTF-8
D, [2015-10-26T10:25:36.906971 #44370] DEBUG -- : response-header: p3p => CP="This is not a P3P policy! See http://www.google.com/support/accounts/bin/answer.py?hl=en&answer=151657 for more info."
D, [2015-10-26T10:25:36.907045 #44370] DEBUG -- : response-header: content-encoding => gzip
D, [2015-10-26T10:25:36.907089 #44370] DEBUG -- : response-header: server => gws
D, [2015-10-26T10:25:36.907133 #44370] DEBUG -- : response-header: x-xss-protection => 1; mode=block
D, [2015-10-26T10:25:36.907173 #44370] DEBUG -- : response-header: x-frame-options => SAMEORIGIN
D, [2015-10-26T10:25:36.907214 #44370] DEBUG -- : response-header: transfer-encoding => chunked
D, [2015-10-26T10:25:36.907247 #44370] DEBUG -- : response-header: set-cookie => PREF=ID=1111111111111111:FF=0:TM=1445880329:LM=1445880330:GBV=1:V=1:S=4UQH-7W9R_rzS71b; expires=Thu, 31-Dec-2015 16:02:17 GMT; path=/; domain=.google.com, NID=72=ikTYayx18yN8GW9_Dm8ouGSVfrrOU72vDf0o6RilOHJnAIvAorY1quvsVdw9UpAL3jEd4tafsCn00Y4RRTF7fo6vwh9Dw7e2RMDXlfeKm2PUWl9a7XbppRoimtYreQkaq5UC9NTNhh79pzz5eupSMtfMr5xUuIGVlDdc6yQ-DIVaoKhVgnIx0PPLlCg; expires=Tue, 26-Apr-2016 17:25:30 GMT; path=/; domain=.google.com; HttpOnly
D, [2015-10-26T10:25:36.907554 #44370] DEBUG -- : Read 350 bytes (350 total)
D, [2015-10-26T10:25:36.907651 #44370] DEBUG -- : Read 7248 bytes (7598 total)
D, [2015-10-26T10:25:36.912342 #44370] DEBUG -- : Read 4832 bytes (12430 total)
D, [2015-10-26T10:25:36.912455 #44370] DEBUG -- : Read 1140 bytes (13570 total)
D, [2015-10-26T10:25:36.912640 #44370] DEBUG -- : Read 1278 bytes (14848 total)
D, [2015-10-26T10:25:37.210450 #44370] DEBUG -- : Read 1202 bytes (16050 total)
D, [2015-10-26T10:25:37.210832 #44370] DEBUG -- : Read 1208 bytes (17258 total)
D, [2015-10-26T10:25:37.211485 #44370] DEBUG -- : Read 1208 bytes (18466 total)
D, [2015-10-26T10:25:37.212223 #44370] DEBUG -- : Read 1864 bytes (20330 total)
D, [2015-10-26T10:25:37.213323 #44370] DEBUG -- : Read 10 bytes (20340 total)
D, [2015-10-26T10:25:37.213495 #44370] DEBUG -- : gzip response
D, [2015-10-26T10:25:37.221440 #44370] DEBUG -- : saved cookie: PREF=ID=1111111111111111:FF=0:TM=1445880329:LM=1445880330:GBV=1:V=1:S=4UQH-7W9R_rzS71b
D, [2015-10-26T10:25:37.221757 #44370] DEBUG -- : saved cookie: NID=72=ikTYayx18yN8GW9_Dm8ouGSVfrrOU72vDf0o6RilOHJnAIvAorY1quvsVdw9UpAL3jEd4tafsCn00Y4RRTF7fo6vwh9Dw7e2RMDXlfeKm2PUWl9a7XbppRoimtYreQkaq5UC9NTNhh79pzz5eupSMtfMr5xUuIGVlDdc6yQ-DIVaoKhVgnIx0PPLlCg
